<?xml version="1.0" encoding="UTF-8"?>
<testng-results ignored="0" total="1" passed="1" failed="0" skipped="0">
  <reporter-output>
  </reporter-output>
  <suite started-at="2020-10-23T20:37:04 IST" name="com.abn.springmvcjdbc.main.test.AbnMainTest" finished-at="2020-10-23T20:37:04 IST" duration-ms="26">
    <groups>
    </groups>
    <test started-at="2020-10-23T20:37:04 IST" name="Command line test" finished-at="2020-10-23T20:37:04 IST" duration-ms="26">
      <class name="com.abn.springmvcjdbc.main.test.AbnMainTest">
        <test-method signature="test()[pri:0, instance:com.abn.springmvcjdbc.main.test.AbnMainTest@1ea9f6af]" started-at="2020-10-23T20:37:04 IST" name="test" finished-at="2020-10-23T20:37:04 IST" duration-ms="3" status="PASS">
          <reporter-output>
          </reporter-output>
        </test-method> <!-- test -->
      </class> <!-- com.abn.springmvcjdbc.main.test.AbnMainTest -->
    </test> <!-- Command line test -->
  </suite> <!-- com.abn.springmvcjdbc.main.test.AbnMainTest -->
</testng-results>
